[2.574s] Invoking command in '/home/berry/systems_ws/src/line_following': DEBUGINFOD_URLS=https://debuginfod.ubuntu.com PYTHONPATH=/home/berry/systems_ws/build/line_following/prefix_override:/usr/lib/python3/dist-packages/colcon_core/task/python/colcon_distutils_commands:/home/berry/systems_ws/install/line_following/lib/python3.12/site-packages:${PYTHONPATH} /usr/bin/python3 -W ignore:setup.py install is deprecated -W ignore:easy_install command is deprecated setup.py egg_info --egg-base ../../build/line_following build --build-base /home/berry/systems_ws/build/line_following/build install --record /home/berry/systems_ws/build/line_following/install.log --single-version-externally-managed install_data
[3.221s] running egg_info
[3.282s] writing ../../build/line_following/line_following.egg-info/PKG-INFO
[3.282s] writing dependency_links to ../../build/line_following/line_following.egg-info/dependency_links.txt
[3.287s] writing entry points to ../../build/line_following/line_following.egg-info/entry_points.txt
[3.288s] writing requirements to ../../build/line_following/line_following.egg-info/requires.txt
[3.289s] writing top-level names to ../../build/line_following/line_following.egg-info/top_level.txt
[3.358s] reading manifest file '../../build/line_following/line_following.egg-info/SOURCES.txt'
[3.361s] writing manifest file '../../build/line_following/line_following.egg-info/SOURCES.txt'
[3.361s] running build
[3.361s] running build_py
[3.361s] running install
[3.377s] running install_lib
[3.413s] running install_data
[3.414s] running install_egg_info
[3.459s] removing '/home/berry/systems_ws/install/line_following/lib/python3.12/site-packages/line_following-0.0.0-py3.12.egg-info' (and everything under it)
[3.461s] Copying ../../build/line_following/line_following.egg-info to /home/berry/systems_ws/install/line_following/lib/python3.12/site-packages/line_following-0.0.0-py3.12.egg-info
[3.462s] running install_scripts
[3.729s] Installing camera script to /home/berry/systems_ws/install/line_following/lib/line_following
[3.730s] Installing esp32_controller script to /home/berry/systems_ws/install/line_following/lib/line_following
[3.732s] writing list of installed files to '/home/berry/systems_ws/build/line_following/install.log'
[3.909s] Invoked command in '/home/berry/systems_ws/src/line_following' returned '0': DEBUGINFOD_URLS=https://debuginfod.ubuntu.com PYTHONPATH=/home/berry/systems_ws/build/line_following/prefix_override:/usr/lib/python3/dist-packages/colcon_core/task/python/colcon_distutils_commands:/home/berry/systems_ws/install/line_following/lib/python3.12/site-packages:${PYTHONPATH} /usr/bin/python3 -W ignore:setup.py install is deprecated -W ignore:easy_install command is deprecated setup.py egg_info --egg-base ../../build/line_following build --build-base /home/berry/systems_ws/build/line_following/build install --record /home/berry/systems_ws/build/line_following/install.log --single-version-externally-managed install_data
