[1.232s] Invoking command in '/home/berry/systems_ws/src/yolo_color_detector': DEBUGINFOD_URLS=https://debuginfod.ubuntu.com PYTHONPATH=/home/berry/systems_ws/build/yolo_color_detector/prefix_override:/usr/lib/python3/dist-packages/colcon_core/task/python/colcon_distutils_commands:/home/berry/systems_ws/install/yolo_color_detector/lib/python3.12/site-packages:${PYTHONPATH} /usr/bin/python3 -W ignore:setup.py install is deprecated -W ignore:easy_install command is deprecated setup.py egg_info --egg-base ../../build/yolo_color_detector build --build-base /home/berry/systems_ws/build/yolo_color_detector/build install --record /home/berry/systems_ws/build/yolo_color_detector/install.log --single-version-externally-managed install_data
[1.614s] running egg_info
[1.633s] writing ../../build/yolo_color_detector/yolo_color_detector.egg-info/PKG-INFO
[1.634s] writing dependency_links to ../../build/yolo_color_detector/yolo_color_detector.egg-info/dependency_links.txt
[1.634s] writing entry points to ../../build/yolo_color_detector/yolo_color_detector.egg-info/entry_points.txt
[1.634s] writing requirements to ../../build/yolo_color_detector/yolo_color_detector.egg-info/requires.txt
[1.634s] writing top-level names to ../../build/yolo_color_detector/yolo_color_detector.egg-info/top_level.txt
[1.687s] reading manifest file '../../build/yolo_color_detector/yolo_color_detector.egg-info/SOURCES.txt'
[1.688s] writing manifest file '../../build/yolo_color_detector/yolo_color_detector.egg-info/SOURCES.txt'
[1.688s] running build
[1.688s] running build_py
[1.689s] running install
[1.699s] running install_lib
[1.726s] running install_data
[1.726s] running install_egg_info
[1.754s] removing '/home/berry/systems_ws/install/yolo_color_detector/lib/python3.12/site-packages/yolo_color_detector-0.0.0-py3.12.egg-info' (and everything under it)
[1.755s] Copying ../../build/yolo_color_detector/yolo_color_detector.egg-info to /home/berry/systems_ws/install/yolo_color_detector/lib/python3.12/site-packages/yolo_color_detector-0.0.0-py3.12.egg-info
[1.756s] running install_scripts
[1.941s] Installing yolo_detect_ros script to /home/berry/systems_ws/install/yolo_color_detector/lib/yolo_color_detector
[1.941s] writing list of installed files to '/home/berry/systems_ws/build/yolo_color_detector/install.log'
[2.022s] Invoked command in '/home/berry/systems_ws/src/yolo_color_detector' returned '0': DEBUGINFOD_URLS=https://debuginfod.ubuntu.com PYTHONPATH=/home/berry/systems_ws/build/yolo_color_detector/prefix_override:/usr/lib/python3/dist-packages/colcon_core/task/python/colcon_distutils_commands:/home/berry/systems_ws/install/yolo_color_detector/lib/python3.12/site-packages:${PYTHONPATH} /usr/bin/python3 -W ignore:setup.py install is deprecated -W ignore:easy_install command is deprecated setup.py egg_info --egg-base ../../build/yolo_color_detector build --build-base /home/berry/systems_ws/build/yolo_color_detector/build install --record /home/berry/systems_ws/build/yolo_color_detector/install.log --single-version-externally-managed install_data
