running egg_info
creating ../../build/yolo_color_detector/yolo_color_detector.egg-info
writing ../../build/yolo_color_detector/yolo_color_detector.egg-info/PKG-INFO
writing dependency_links to ../../build/yolo_color_detector/yolo_color_detector.egg-info/dependency_links.txt
writing requirements to ../../build/yolo_color_detector/yolo_color_detector.egg-info/requires.txt
writing top-level names to ../../build/yolo_color_detector/yolo_color_detector.egg-info/top_level.txt
writing manifest file '../../build/yolo_color_detector/yolo_color_detector.egg-info/SOURCES.txt'
reading manifest file '../../build/yolo_color_detector/yolo_color_detector.egg-info/SOURCES.txt'
writing manifest file '../../build/yolo_color_detector/yolo_color_detector.egg-info/SOURCES.txt'
running build
running build_py
creating /home/berry/systems_ws/build/yolo_color_detector/build
creating /home/berry/systems_ws/build/yolo_color_detector/build/lib
creating /home/berry/systems_ws/build/yolo_color_detector/build/lib/yolo_color_detector
copying yolo_color_detector/yolo_detect_ros.py -> /home/berry/systems_ws/build/yolo_color_detector/build/lib/yolo_color_detector
copying yolo_color_detector/__init__.py -> /home/berry/systems_ws/build/yolo_color_detector/build/lib/yolo_color_detector
copying yolo_color_detector/yolo_detect.py -> /home/berry/systems_ws/build/yolo_color_detector/build/lib/yolo_color_detector
running install
running install_lib
creating /home/berry/systems_ws/install/yolo_color_detector/lib/python3.12/site-packages/yolo_color_detector
copying /home/berry/systems_ws/build/yolo_color_detector/build/lib/yolo_color_detector/yolo_detect_ros.py -> /home/berry/systems_ws/install/yolo_color_detector/lib/python3.12/site-packages/yolo_color_detector
copying /home/berry/systems_ws/build/yolo_color_detector/build/lib/yolo_color_detector/__init__.py -> /home/berry/systems_ws/install/yolo_color_detector/lib/python3.12/site-packages/yolo_color_detector
copying /home/berry/systems_ws/build/yolo_color_detector/build/lib/yolo_color_detector/yolo_detect.py -> /home/berry/systems_ws/install/yolo_color_detector/lib/python3.12/site-packages/yolo_color_detector
byte-compiling /home/berry/systems_ws/install/yolo_color_detector/lib/python3.12/site-packages/yolo_color_detector/yolo_detect_ros.py to yolo_detect_ros.cpython-312.pyc
byte-compiling /home/berry/systems_ws/install/yolo_color_detector/lib/python3.12/site-packages/yolo_color_detector/__init__.py to __init__.cpython-312.pyc
byte-compiling /home/berry/systems_ws/install/yolo_color_detector/lib/python3.12/site-packages/yolo_color_detector/yolo_detect.py to yolo_detect.cpython-312.pyc
running install_data
creating /home/berry/systems_ws/install/yolo_color_detector/share/ament_index
creating /home/berry/systems_ws/install/yolo_color_detector/share/ament_index/resource_index
creating /home/berry/systems_ws/install/yolo_color_detector/share/ament_index/resource_index/packages
copying resource/yolo_color_detector -> /home/berry/systems_ws/install/yolo_color_detector/share/ament_index/resource_index/packages
copying package.xml -> /home/berry/systems_ws/install/yolo_color_detector/share/yolo_color_detector
running install_egg_info
Copying ../../build/yolo_color_detector/yolo_color_detector.egg-info to /home/berry/systems_ws/install/yolo_color_detector/lib/python3.12/site-packages/yolo_color_detector-0.0.0-py3.12.egg-info
running install_scripts
writing list of installed files to '/home/berry/systems_ws/build/yolo_color_detector/install.log'
