[1.945s] Invoking command in '/home/berry/systems_ws/src/yolo_color_detector': DEBUGINFOD_URLS=https://debuginfod.ubuntu.com PYTHONPATH=/home/berry/systems_ws/build/yolo_color_detector/prefix_override:/usr/lib/python3/dist-packages/colcon_core/task/python/colcon_distutils_commands:/home/berry/systems_ws/install/yolo_color_detector/lib/python3.12/site-packages:${PYTHONPATH} /usr/bin/python3 -W ignore:setup.py install is deprecated -W ignore:easy_install command is deprecated setup.py egg_info --egg-base ../../build/yolo_color_detector build --build-base /home/berry/systems_ws/build/yolo_color_detector/build install --record /home/berry/systems_ws/build/yolo_color_detector/install.log --single-version-externally-managed install_data
[2.328s] running egg_info
[2.328s] creating ../../build/yolo_color_detector/yolo_color_detector.egg-info
[2.361s] writing ../../build/yolo_color_detector/yolo_color_detector.egg-info/PKG-INFO
[2.363s] writing dependency_links to ../../build/yolo_color_detector/yolo_color_detector.egg-info/dependency_links.txt
[2.364s] writing requirements to ../../build/yolo_color_detector/yolo_color_detector.egg-info/requires.txt
[2.364s] writing top-level names to ../../build/yolo_color_detector/yolo_color_detector.egg-info/top_level.txt
[2.364s] writing manifest file '../../build/yolo_color_detector/yolo_color_detector.egg-info/SOURCES.txt'
[2.418s] reading manifest file '../../build/yolo_color_detector/yolo_color_detector.egg-info/SOURCES.txt'
[2.418s] writing manifest file '../../build/yolo_color_detector/yolo_color_detector.egg-info/SOURCES.txt'
[2.423s] running build
[2.423s] running build_py
[2.424s] creating /home/berry/systems_ws/build/yolo_color_detector/build
[2.424s] creating /home/berry/systems_ws/build/yolo_color_detector/build/lib
[2.424s] creating /home/berry/systems_ws/build/yolo_color_detector/build/lib/yolo_color_detector
[2.424s] copying yolo_color_detector/yolo_detect_ros.py -> /home/berry/systems_ws/build/yolo_color_detector/build/lib/yolo_color_detector
[2.424s] copying yolo_color_detector/__init__.py -> /home/berry/systems_ws/build/yolo_color_detector/build/lib/yolo_color_detector
[2.424s] copying yolo_color_detector/yolo_detect.py -> /home/berry/systems_ws/build/yolo_color_detector/build/lib/yolo_color_detector
[2.425s] running install
[2.436s] running install_lib
[2.462s] creating /home/berry/systems_ws/install/yolo_color_detector/lib/python3.12/site-packages/yolo_color_detector
[2.463s] copying /home/berry/systems_ws/build/yolo_color_detector/build/lib/yolo_color_detector/yolo_detect_ros.py -> /home/berry/systems_ws/install/yolo_color_detector/lib/python3.12/site-packages/yolo_color_detector
[2.463s] copying /home/berry/systems_ws/build/yolo_color_detector/build/lib/yolo_color_detector/__init__.py -> /home/berry/systems_ws/install/yolo_color_detector/lib/python3.12/site-packages/yolo_color_detector
[2.463s] copying /home/berry/systems_ws/build/yolo_color_detector/build/lib/yolo_color_detector/yolo_detect.py -> /home/berry/systems_ws/install/yolo_color_detector/lib/python3.12/site-packages/yolo_color_detector
[2.464s] byte-compiling /home/berry/systems_ws/install/yolo_color_detector/lib/python3.12/site-packages/yolo_color_detector/yolo_detect_ros.py to yolo_detect_ros.cpython-312.pyc
[2.465s] byte-compiling /home/berry/systems_ws/install/yolo_color_detector/lib/python3.12/site-packages/yolo_color_detector/__init__.py to __init__.cpython-312.pyc
[2.466s] byte-compiling /home/berry/systems_ws/install/yolo_color_detector/lib/python3.12/site-packages/yolo_color_detector/yolo_detect.py to yolo_detect.cpython-312.pyc
[2.469s] running install_data
[2.469s] creating /home/berry/systems_ws/install/yolo_color_detector/share/ament_index
[2.469s] creating /home/berry/systems_ws/install/yolo_color_detector/share/ament_index/resource_index
[2.469s] creating /home/berry/systems_ws/install/yolo_color_detector/share/ament_index/resource_index/packages
[2.469s] copying resource/yolo_color_detector -> /home/berry/systems_ws/install/yolo_color_detector/share/ament_index/resource_index/packages
[2.469s] copying package.xml -> /home/berry/systems_ws/install/yolo_color_detector/share/yolo_color_detector
[2.470s] running install_egg_info
[2.498s] Copying ../../build/yolo_color_detector/yolo_color_detector.egg-info to /home/berry/systems_ws/install/yolo_color_detector/lib/python3.12/site-packages/yolo_color_detector-0.0.0-py3.12.egg-info
[2.499s] running install_scripts
[2.687s] writing list of installed files to '/home/berry/systems_ws/build/yolo_color_detector/install.log'
[2.798s] Invoked command in '/home/berry/systems_ws/src/yolo_color_detector' returned '0': DEBUGINFOD_URLS=https://debuginfod.ubuntu.com PYTHONPATH=/home/berry/systems_ws/build/yolo_color_detector/prefix_override:/usr/lib/python3/dist-packages/colcon_core/task/python/colcon_distutils_commands:/home/berry/systems_ws/install/yolo_color_detector/lib/python3.12/site-packages:${PYTHONPATH} /usr/bin/python3 -W ignore:setup.py install is deprecated -W ignore:easy_install command is deprecated setup.py egg_info --egg-base ../../build/yolo_color_detector build --build-base /home/berry/systems_ws/build/yolo_color_detector/build install --record /home/berry/systems_ws/build/yolo_color_detector/install.log --single-version-externally-managed install_data
