running egg_info
creating ../../build/line_following/line_following.egg-info
writing ../../build/line_following/line_following.egg-info/PKG-INFO
writing dependency_links to ../../build/line_following/line_following.egg-info/dependency_links.txt
writing entry points to ../../build/line_following/line_following.egg-info/entry_points.txt
writing requirements to ../../build/line_following/line_following.egg-info/requires.txt
writing top-level names to ../../build/line_following/line_following.egg-info/top_level.txt
writing manifest file '../../build/line_following/line_following.egg-info/SOURCES.txt'
reading manifest file '../../build/line_following/line_following.egg-info/SOURCES.txt'
writing manifest file '../../build/line_following/line_following.egg-info/SOURCES.txt'
running build
running build_py
creating /home/berry/systems_ws/build/line_following/build
creating /home/berry/systems_ws/build/line_following/build/lib
creating /home/berry/systems_ws/build/line_following/build/lib/line_following
copying line_following/esp32_logger.py -> /home/berry/systems_ws/build/line_following/build/lib/line_following
copying line_following/__init__.py -> /home/berry/systems_ws/build/line_following/build/lib/line_following
running install
running install_lib
creating /home/berry/systems_ws/install/line_following/lib/python3.12/site-packages/line_following
copying /home/berry/systems_ws/build/line_following/build/lib/line_following/esp32_logger.py -> /home/berry/systems_ws/install/line_following/lib/python3.12/site-packages/line_following
copying /home/berry/systems_ws/build/line_following/build/lib/line_following/__init__.py -> /home/berry/systems_ws/install/line_following/lib/python3.12/site-packages/line_following
byte-compiling /home/berry/systems_ws/install/line_following/lib/python3.12/site-packages/line_following/esp32_logger.py to esp32_logger.cpython-312.pyc
byte-compiling /home/berry/systems_ws/install/line_following/lib/python3.12/site-packages/line_following/__init__.py to __init__.cpython-312.pyc
running install_data
creating /home/berry/systems_ws/install/line_following/share/ament_index
creating /home/berry/systems_ws/install/line_following/share/ament_index/resource_index
creating /home/berry/systems_ws/install/line_following/share/ament_index/resource_index/packages
copying resource/line_following -> /home/berry/systems_ws/install/line_following/share/ament_index/resource_index/packages
copying package.xml -> /home/berry/systems_ws/install/line_following/share/line_following
running install_egg_info
Copying ../../build/line_following/line_following.egg-info to /home/berry/systems_ws/install/line_following/lib/python3.12/site-packages/line_following-0.0.0-py3.12.egg-info
running install_scripts
Installing esp32_logger script to /home/berry/systems_ws/install/line_following/lib/line_following
writing list of installed files to '/home/berry/systems_ws/build/line_following/install.log'
