[0.154s] DEBUG:colcon:Command line arguments: ['/usr/bin/colcon', 'build', '--packages-select', 'yolo_color_detector']
[0.154s] DEBUG:colcon:Parsed command line arguments: Namespace(log_base=None, log_level=None, verb_name='build', build_base='build', install_base='install', merge_install=False, symlink_install=False, test_result_base=None, continue_on_error=False, executor='parallel', parallel_workers=4, event_handlers=None, ignore_user_meta=False, metas=['./colcon.meta'], base_paths=['.'], packages_ignore=None, packages_ignore_regex=None, paths=None, packages_up_to=None, packages_up_to_regex=None, packages_above=None, packages_above_and_dependencies=None, packages_above_depth=None, packages_select_by_dep=None, packages_skip_by_dep=None, packages_skip_up_to=None, packages_select_build_failed=False, packages_skip_build_finished=False, packages_select_test_failures=False, packages_skip_test_passed=False, packages_select=['yolo_color_detector'], packages_skip=None, packages_select_regex=None, packages_skip_regex=None, packages_start=None, packages_end=None, allow_overriding=[], cmake_args=None, cmake_target=None, cmake_target_skip_unavailable=False, cmake_clean_cache=False, cmake_clean_first=False, cmake_force_configure=False, ament_cmake_args=None, catkin_cmake_args=None, catkin_skip_building_tests=False, mixin_files=None, mixin=None, verb_parser=<colcon_mixin.mixin.mixin_argument.MixinArgumentDecorator object at 0xffffa9b5c3b0>, verb_extension=<colcon_core.verb.build.BuildVerb object at 0xffffa9c972f0>, main=<bound method BuildVerb.main of <colcon_core.verb.build.BuildVerb object at 0xffffa9c972f0>>, mixin_verb=('build',))
[0.214s] Level 1:colcon.colcon_core.package_discovery:discover_packages(colcon_meta) check parameters
[0.214s] Level 1:colcon.colcon_core.package_discovery:discover_packages(recursive) check parameters
[0.214s] Level 1:colcon.colcon_core.package_discovery:discover_packages(ignore) check parameters
[0.214s] Level 1:colcon.colcon_core.package_discovery:discover_packages(path) check parameters
[0.214s] Level 1:colcon.colcon_core.package_discovery:discover_packages(colcon_meta) discover
[0.214s] Level 1:colcon.colcon_core.package_discovery:discover_packages(recursive) discover
[0.215s] INFO:colcon.colcon_core.package_discovery:Crawling recursively for packages in '/home/berry/systems_ws'
[0.215s] Level 1:colcon.colcon_core.package_identification:_identify(.) by extensions ['ignore', 'ignore_ament_install']
[0.215s] Level 1:colcon.colcon_core.package_identification:_identify(.) by extension 'ignore'
[0.215s] Level 1:colcon.colcon_core.package_identification:_identify(.) by extension 'ignore_ament_install'
[0.215s] Level 1:colcon.colcon_core.package_identification:_identify(.) by extensions ['colcon_pkg']
[0.215s] Level 1:colcon.colcon_core.package_identification:_identify(.) by extension 'colcon_pkg'
[0.215s] Level 1:colcon.colcon_core.package_identification:_identify(.) by extensions ['colcon_meta']
[0.215s] Level 1:colcon.colcon_core.package_identification:_identify(.) by extension 'colcon_meta'
[0.215s] Level 1:colcon.colcon_core.package_identification:_identify(.) by extensions ['ros']
[0.215s] Level 1:colcon.colcon_core.package_identification:_identify(.) by extension 'ros'
[0.254s] Level 1:colcon.colcon_core.package_identification:_identify(.) by extensions ['cmake', 'python']
[0.255s] Level 1:colcon.colcon_core.package_identification:_identify(.) by extension 'cmake'
[0.255s] Level 1:colcon.colcon_core.package_identification:_identify(.) by extension 'python'
[0.255s] Level 1:colcon.colcon_core.package_identification:_identify(.) by extensions ['python_setup_py']
[0.255s] Level 1:colcon.colcon_core.package_identification:_identify(.) by extension 'python_setup_py'
[0.255s] Level 1:colcon.colcon_core.package_identification:_identify(build) by extensions ['ignore', 'ignore_ament_install']
[0.255s] Level 1:colcon.colcon_core.package_identification:_identify(build) by extension 'ignore'
[0.256s] Level 1:colcon.colcon_core.package_identification:_identify(build) ignored
[0.256s] Level 1:colcon.colcon_core.package_identification:_identify(install) by extensions ['ignore', 'ignore_ament_install']
[0.256s] Level 1:colcon.colcon_core.package_identification:_identify(install) by extension 'ignore'
[0.256s] Level 1:colcon.colcon_core.package_identification:_identify(install) ignored
[0.256s] Level 1:colcon.colcon_core.package_identification:_identify(log) by extensions ['ignore', 'ignore_ament_install']
[0.256s] Level 1:colcon.colcon_core.package_identification:_identify(log) by extension 'ignore'
[0.256s] Level 1:colcon.colcon_core.package_identification:_identify(log) ignored
[0.256s] Level 1:colcon.colcon_core.package_identification:_identify(src) by extensions ['ignore', 'ignore_ament_install']
[0.256s] Level 1:colcon.colcon_core.package_identification:_identify(src) by extension 'ignore'
[0.256s] Level 1:colcon.colcon_core.package_identification:_identify(src) by extension 'ignore_ament_install'
[0.257s] Level 1:colcon.colcon_core.package_identification:_identify(src) by extensions ['colcon_pkg']
[0.257s] Level 1:colcon.colcon_core.package_identification:_identify(src) by extension 'colcon_pkg'
[0.257s] Level 1:colcon.colcon_core.package_identification:_identify(src) by extensions ['colcon_meta']
[0.257s] Level 1:colcon.colcon_core.package_identification:_identify(src) by extension 'colcon_meta'
[0.257s] Level 1:colcon.colcon_core.package_identification:_identify(src) by extensions ['ros']
[0.257s] Level 1:colcon.colcon_core.package_identification:_identify(src) by extension 'ros'
[0.257s] Level 1:colcon.colcon_core.package_identification:_identify(src) by extensions ['cmake', 'python']
[0.257s] Level 1:colcon.colcon_core.package_identification:_identify(src) by extension 'cmake'
[0.257s] Level 1:colcon.colcon_core.package_identification:_identify(src) by extension 'python'
[0.257s] Level 1:colcon.colcon_core.package_identification:_identify(src) by extensions ['python_setup_py']
[0.257s] Level 1:colcon.colcon_core.package_identification:_identify(src) by extension 'python_setup_py'
[0.257s] Level 1:colcon.colcon_core.package_identification:_identify(src/line_following) by extensions ['ignore', 'ignore_ament_install']
[0.258s] Level 1:colcon.colcon_core.package_identification:_identify(src/line_following) by extension 'ignore'
[0.258s] Level 1:colcon.colcon_core.package_identification:_identify(src/line_following) by extension 'ignore_ament_install'
[0.258s] Level 1:colcon.colcon_core.package_identification:_identify(src/line_following) by extensions ['colcon_pkg']
[0.258s] Level 1:colcon.colcon_core.package_identification:_identify(src/line_following) by extension 'colcon_pkg'
[0.258s] Level 1:colcon.colcon_core.package_identification:_identify(src/line_following) by extensions ['colcon_meta']
[0.258s] Level 1:colcon.colcon_core.package_identification:_identify(src/line_following) by extension 'colcon_meta'
[0.258s] Level 1:colcon.colcon_core.package_identification:_identify(src/line_following) by extensions ['ros']
[0.258s] Level 1:colcon.colcon_core.package_identification:_identify(src/line_following) by extension 'ros'
[0.262s] DEBUG:colcon.colcon_core.package_identification:Package 'src/line_following' with type 'ros.ament_python' and name 'line_following'
[0.263s] Level 1:colcon.colcon_core.package_identification:_identify(src/yolo_color_detector) by extensions ['ignore', 'ignore_ament_install']
[0.263s] Level 1:colcon.colcon_core.package_identification:_identify(src/yolo_color_detector) by extension 'ignore'
[0.263s] Level 1:colcon.colcon_core.package_identification:_identify(src/yolo_color_detector) by extension 'ignore_ament_install'
[0.263s] Level 1:colcon.colcon_core.package_identification:_identify(src/yolo_color_detector) by extensions ['colcon_pkg']
[0.263s] Level 1:colcon.colcon_core.package_identification:_identify(src/yolo_color_detector) by extension 'colcon_pkg'
[0.263s] Level 1:colcon.colcon_core.package_identification:_identify(src/yolo_color_detector) by extensions ['colcon_meta']
[0.263s] Level 1:colcon.colcon_core.package_identification:_identify(src/yolo_color_detector) by extension 'colcon_meta'
[0.263s] Level 1:colcon.colcon_core.package_identification:_identify(src/yolo_color_detector) by extensions ['ros']
[0.263s] Level 1:colcon.colcon_core.package_identification:_identify(src/yolo_color_detector) by extension 'ros'
[0.264s] DEBUG:colcon.colcon_core.package_identification:Package 'src/yolo_color_detector' with type 'ros.ament_python' and name 'yolo_color_detector'
[0.264s] Level 1:colcon.colcon_core.package_discovery:discover_packages(recursive) using defaults
[0.265s] Level 1:colcon.colcon_core.package_discovery:discover_packages(ignore) discover
[0.265s] Level 1:colcon.colcon_core.package_discovery:discover_packages(ignore) using defaults
[0.265s] Level 1:colcon.colcon_core.package_discovery:discover_packages(path) discover
[0.265s] Level 1:colcon.colcon_core.package_discovery:discover_packages(path) using defaults
[0.289s] INFO:colcon.colcon_core.package_selection:Skipping not selected package 'line_following' in 'src/line_following'
[0.290s] Level 1:colcon.colcon_core.package_discovery:discover_packages(prefix_path) check parameters
[0.290s] Level 1:colcon.colcon_core.package_discovery:discover_packages(prefix_path) discover
[0.292s] DEBUG:colcon.colcon_installed_package_information.package_discovery:Found 2 installed packages in /home/berry/systems_ws/install
[0.294s] DEBUG:colcon.colcon_installed_package_information.package_discovery:Found 285 installed packages in /opt/ros/jazzy
[0.295s] Level 1:colcon.colcon_core.package_discovery:discover_packages(prefix_path) using defaults
[0.356s] Level 5:colcon.colcon_core.verb:set package 'yolo_color_detector' build argument 'cmake_args' from command line to 'None'
[0.356s] Level 5:colcon.colcon_core.verb:set package 'yolo_color_detector' build argument 'cmake_target' from command line to 'None'
[0.357s] Level 5:colcon.colcon_core.verb:set package 'yolo_color_detector' build argument 'cmake_target_skip_unavailable' from command line to 'False'
[0.357s] Level 5:colcon.colcon_core.verb:set package 'yolo_color_detector' build argument 'cmake_clean_cache' from command line to 'False'
[0.357s] Level 5:colcon.colcon_core.verb:set package 'yolo_color_detector' build argument 'cmake_clean_first' from command line to 'False'
[0.357s] Level 5:colcon.colcon_core.verb:set package 'yolo_color_detector' build argument 'cmake_force_configure' from command line to 'False'
[0.357s] Level 5:colcon.colcon_core.verb:set package 'yolo_color_detector' build argument 'ament_cmake_args' from command line to 'None'
[0.357s] Level 5:colcon.colcon_core.verb:set package 'yolo_color_detector' build argument 'catkin_cmake_args' from command line to 'None'
[0.357s] Level 5:colcon.colcon_core.verb:set package 'yolo_color_detector' build argument 'catkin_skip_building_tests' from command line to 'False'
[0.357s] DEBUG:colcon.colcon_core.verb:Building package 'yolo_color_detector' with the following arguments: {'ament_cmake_args': None, 'build_base': '/home/berry/systems_ws/build/yolo_color_detector', 'catkin_cmake_args': None, 'catkin_skip_building_tests': False, 'cmake_args': None, 'cmake_clean_cache': False, 'cmake_clean_first': False, 'cmake_force_configure': False, 'cmake_target': None, 'cmake_target_skip_unavailable': False, 'install_base': '/home/berry/systems_ws/install/yolo_color_detector', 'merge_install': False, 'path': '/home/berry/systems_ws/src/yolo_color_detector', 'symlink_install': False, 'test_result_base': None}
[0.357s] INFO:colcon.colcon_core.executor:Executing jobs using 'parallel' executor
[0.360s] DEBUG:colcon.colcon_parallel_executor.executor.parallel:run_until_complete
[0.360s] INFO:colcon.colcon_ros.task.ament_python.build:Building ROS package in '/home/berry/systems_ws/src/yolo_color_detector' with build type 'ament_python'
[0.360s] Level 1:colcon.colcon_core.shell:create_environment_hook('yolo_color_detector', 'ament_prefix_path')
[0.363s] INFO:colcon.colcon_core.plugin_system:Skipping extension 'colcon_core.shell.bat': Not used on non-Windows systems
[0.363s] INFO:colcon.colcon_core.shell:Creating environment hook '/home/berry/systems_ws/install/yolo_color_detector/share/yolo_color_detector/hook/ament_prefix_path.ps1'
[0.364s] INFO:colcon.colcon_core.shell:Creating environment descriptor '/home/berry/systems_ws/install/yolo_color_detector/share/yolo_color_detector/hook/ament_prefix_path.dsv'
[0.370s] INFO:colcon.colcon_core.shell:Creating environment hook '/home/berry/systems_ws/install/yolo_color_detector/share/yolo_color_detector/hook/ament_prefix_path.sh'
[0.371s] INFO:colcon.colcon_core.shell:Skip shell extension 'powershell' for command environment: Not usable outside of PowerShell
[0.371s] DEBUG:colcon.colcon_core.shell:Skip shell extension 'dsv' for command environment
[0.715s] INFO:colcon.colcon_core.task.python.build:Building Python package in '/home/berry/systems_ws/src/yolo_color_detector'
[0.715s] INFO:colcon.colcon_core.shell:Skip shell extension 'powershell' for command environment: Not usable outside of PowerShell
[0.715s] DEBUG:colcon.colcon_core.shell:Skip shell extension 'dsv' for command environment
[1.592s] DEBUG:colcon.colcon_core.event_handler.log_command:Invoking command in '/home/berry/systems_ws/src/yolo_color_detector': DEBUGINFOD_URLS=https://debuginfod.ubuntu.com PYTHONPATH=/home/berry/systems_ws/build/yolo_color_detector/prefix_override:/usr/lib/python3/dist-packages/colcon_core/task/python/colcon_distutils_commands:/home/berry/systems_ws/install/yolo_color_detector/lib/python3.12/site-packages:${PYTHONPATH} /usr/bin/python3 -W ignore:setup.py install is deprecated -W ignore:easy_install command is deprecated setup.py egg_info --egg-base ../../build/yolo_color_detector build --build-base /home/berry/systems_ws/build/yolo_color_detector/build install --record /home/berry/systems_ws/build/yolo_color_detector/install.log --single-version-externally-managed install_data
[2.383s] DEBUG:colcon.colcon_core.event_handler.log_command:Invoked command in '/home/berry/systems_ws/src/yolo_color_detector' returned '0': DEBUGINFOD_URLS=https://debuginfod.ubuntu.com PYTHONPATH=/home/berry/systems_ws/build/yolo_color_detector/prefix_override:/usr/lib/python3/dist-packages/colcon_core/task/python/colcon_distutils_commands:/home/berry/systems_ws/install/yolo_color_detector/lib/python3.12/site-packages:${PYTHONPATH} /usr/bin/python3 -W ignore:setup.py install is deprecated -W ignore:easy_install command is deprecated setup.py egg_info --egg-base ../../build/yolo_color_detector build --build-base /home/berry/systems_ws/build/yolo_color_detector/build install --record /home/berry/systems_ws/build/yolo_color_detector/install.log --single-version-externally-managed install_data
[2.385s] Level 1:colcon.colcon_core.environment:checking '/home/berry/systems_ws/install/yolo_color_detector' for CMake module files
[2.386s] Level 1:colcon.colcon_core.environment:checking '/home/berry/systems_ws/install/yolo_color_detector' for CMake config files
[2.387s] Level 1:colcon.colcon_core.environment:checking '/home/berry/systems_ws/install/yolo_color_detector/lib'
[2.387s] Level 1:colcon.colcon_core.environment:checking '/home/berry/systems_ws/install/yolo_color_detector/bin'
[2.387s] Level 1:colcon.colcon_core.environment:checking '/home/berry/systems_ws/install/yolo_color_detector/lib/pkgconfig/yolo_color_detector.pc'
[2.387s] Level 1:colcon.colcon_core.environment:checking '/home/berry/systems_ws/install/yolo_color_detector/lib/python3.12/site-packages'
[2.388s] Level 1:colcon.colcon_core.shell:create_environment_hook('yolo_color_detector', 'pythonpath')
[2.388s] INFO:colcon.colcon_core.shell:Creating environment hook '/home/berry/systems_ws/install/yolo_color_detector/share/yolo_color_detector/hook/pythonpath.ps1'
[2.389s] INFO:colcon.colcon_core.shell:Creating environment descriptor '/home/berry/systems_ws/install/yolo_color_detector/share/yolo_color_detector/hook/pythonpath.dsv'
[2.389s] INFO:colcon.colcon_core.shell:Creating environment hook '/home/berry/systems_ws/install/yolo_color_detector/share/yolo_color_detector/hook/pythonpath.sh'
[2.391s] Level 1:colcon.colcon_core.environment:checking '/home/berry/systems_ws/install/yolo_color_detector/bin'
[2.391s] Level 1:colcon.colcon_core.environment:create_environment_scripts_only(yolo_color_detector)
[2.391s] INFO:colcon.colcon_core.shell:Creating package script '/home/berry/systems_ws/install/yolo_color_detector/share/yolo_color_detector/package.ps1'
[2.392s] INFO:colcon.colcon_core.shell:Creating package descriptor '/home/berry/systems_ws/install/yolo_color_detector/share/yolo_color_detector/package.dsv'
[2.393s] INFO:colcon.colcon_core.shell:Creating package script '/home/berry/systems_ws/install/yolo_color_detector/share/yolo_color_detector/package.sh'
[2.394s] INFO:colcon.colcon_core.shell:Creating package script '/home/berry/systems_ws/install/yolo_color_detector/share/yolo_color_detector/package.bash'
[2.395s] INFO:colcon.colcon_core.shell:Creating package script '/home/berry/systems_ws/install/yolo_color_detector/share/yolo_color_detector/package.zsh'
[2.396s] Level 1:colcon.colcon_core.environment:create_file_with_runtime_dependencies(/home/berry/systems_ws/install/yolo_color_detector/share/colcon-core/packages/yolo_color_detector)
[2.398s] DEBUG:colcon.colcon_parallel_executor.executor.parallel:closing loop
[2.399s] DEBUG:colcon.colcon_parallel_executor.executor.parallel:loop closed
[2.399s] DEBUG:colcon.colcon_parallel_executor.executor.parallel:run_until_complete finished with '0'
[2.399s] DEBUG:colcon.colcon_core.event_reactor:joining thread
[2.409s] INFO:colcon.colcon_core.plugin_system:Skipping extension 'colcon_notification.desktop_notification.terminal_notifier': Not used on non-Darwin systems
[2.409s] INFO:colcon.colcon_core.plugin_system:Skipping extension 'colcon_notification.desktop_notification.win32': Not used on non-Windows systems
[2.409s] INFO:colcon.colcon_notification.desktop_notification:Sending desktop notification using 'notify2'
[2.429s] DEBUG:colcon.colcon_core.event_reactor:joined thread
[2.430s] INFO:colcon.colcon_core.shell:Creating prefix script '/home/berry/systems_ws/install/local_setup.ps1'
[2.431s] INFO:colcon.colcon_core.shell:Creating prefix util module '/home/berry/systems_ws/install/_local_setup_util_ps1.py'
[2.437s] INFO:colcon.colcon_core.shell:Creating prefix chain script '/home/berry/systems_ws/install/setup.ps1'
[2.441s] INFO:colcon.colcon_core.shell:Creating prefix script '/home/berry/systems_ws/install/local_setup.sh'
[2.441s] INFO:colcon.colcon_core.shell:Creating prefix util module '/home/berry/systems_ws/install/_local_setup_util_sh.py'
[2.443s] INFO:colcon.colcon_core.shell:Creating prefix chain script '/home/berry/systems_ws/install/setup.sh'
[2.445s] INFO:colcon.colcon_core.shell:Creating prefix script '/home/berry/systems_ws/install/local_setup.bash'
[2.446s] INFO:colcon.colcon_core.shell:Creating prefix chain script '/home/berry/systems_ws/install/setup.bash'
[2.447s] INFO:colcon.colcon_core.shell:Creating prefix script '/home/berry/systems_ws/install/local_setup.zsh'
[2.448s] INFO:colcon.colcon_core.shell:Creating prefix chain script '/home/berry/systems_ws/install/setup.zsh'
