[1.189s] Invoking command in '/home/berry/systems_ws/src/line_following': DEBUGINFOD_URLS=https://debuginfod.ubuntu.com PYTHONPATH=/home/berry/systems_ws/build/line_following/prefix_override:/usr/lib/python3/dist-packages/colcon_core/task/python/colcon_distutils_commands:/home/berry/systems_ws/install/line_following/lib/python3.12/site-packages:${PYTHONPATH} /usr/bin/python3 -W ignore:setup.py install is deprecated -W ignore:easy_install command is deprecated setup.py egg_info --egg-base ../../build/line_following build --build-base /home/berry/systems_ws/build/line_following/build install --record /home/berry/systems_ws/build/line_following/install.log --single-version-externally-managed install_data
[1.534s] running egg_info
[1.558s] writing ../../build/line_following/line_following.egg-info/PKG-INFO
[1.558s] writing dependency_links to ../../build/line_following/line_following.egg-info/dependency_links.txt
[1.565s] writing entry points to ../../build/line_following/line_following.egg-info/entry_points.txt
[1.565s] writing requirements to ../../build/line_following/line_following.egg-info/requires.txt
[1.566s] writing top-level names to ../../build/line_following/line_following.egg-info/top_level.txt
[1.619s] reading manifest file '../../build/line_following/line_following.egg-info/SOURCES.txt'
[1.620s] writing manifest file '../../build/line_following/line_following.egg-info/SOURCES.txt'
[1.620s] running build
[1.620s] running build_py
[1.620s] copying line_following/esp32_controller.py -> /home/berry/systems_ws/build/line_following/build/lib/line_following
[1.620s] running install
[1.630s] running install_lib
[1.654s] copying /home/berry/systems_ws/build/line_following/build/lib/line_following/esp32_controller.py -> /home/berry/systems_ws/install/line_following/lib/python3.12/site-packages/line_following
[1.655s] byte-compiling /home/berry/systems_ws/install/line_following/lib/python3.12/site-packages/line_following/esp32_controller.py to esp32_controller.cpython-312.pyc
[1.656s] running install_data
[1.656s] running install_egg_info
[1.682s] removing '/home/berry/systems_ws/install/line_following/lib/python3.12/site-packages/line_following-0.0.0-py3.12.egg-info' (and everything under it)
[1.683s] Copying ../../build/line_following/line_following.egg-info to /home/berry/systems_ws/install/line_following/lib/python3.12/site-packages/line_following-0.0.0-py3.12.egg-info
[1.684s] running install_scripts
[1.853s] Installing esp32_controller script to /home/berry/systems_ws/install/line_following/lib/line_following
[1.853s] writing list of installed files to '/home/berry/systems_ws/build/line_following/install.log'
[1.936s] Invoked command in '/home/berry/systems_ws/src/line_following' returned '0': DEBUGINFOD_URLS=https://debuginfod.ubuntu.com PYTHONPATH=/home/berry/systems_ws/build/line_following/prefix_override:/usr/lib/python3/dist-packages/colcon_core/task/python/colcon_distutils_commands:/home/berry/systems_ws/install/line_following/lib/python3.12/site-packages:${PYTHONPATH} /usr/bin/python3 -W ignore:setup.py install is deprecated -W ignore:easy_install command is deprecated setup.py egg_info --egg-base ../../build/line_following build --build-base /home/berry/systems_ws/build/line_following/build install --record /home/berry/systems_ws/build/line_following/install.log --single-version-externally-managed install_data
