running egg_info
writing ../../build/line_following/line_following.egg-info/PKG-INFO
writing dependency_links to ../../build/line_following/line_following.egg-info/dependency_links.txt
writing entry points to ../../build/line_following/line_following.egg-info/entry_points.txt
writing requirements to ../../build/line_following/line_following.egg-info/requires.txt
writing top-level names to ../../build/line_following/line_following.egg-info/top_level.txt
reading manifest file '../../build/line_following/line_following.egg-info/SOURCES.txt'
writing manifest file '../../build/line_following/line_following.egg-info/SOURCES.txt'
running build
running build_py
running install
running install_lib
running install_data
creating /home/berry/systems_ws/install/line_following/share/line_following/launch
copying launch/esp32_launch.py -> /home/berry/systems_ws/install/line_following/share/line_following/launch
running install_egg_info
removing '/home/berry/systems_ws/install/line_following/lib/python3.12/site-packages/line_following-0.0.0-py3.12.egg-info' (and everything under it)
Copying ../../build/line_following/line_following.egg-info to /home/berry/systems_ws/install/line_following/lib/python3.12/site-packages/line_following-0.0.0-py3.12.egg-info
running install_scripts
Installing esp32_logger script to /home/berry/systems_ws/install/line_following/lib/line_following
writing list of installed files to '/home/berry/systems_ws/build/line_following/install.log'
