[1.168s] Invoking command in '/home/berry/systems_ws/src/line_following': DEBUGINFOD_URLS=https://debuginfod.ubuntu.com PYTHONPATH=/home/berry/systems_ws/build/line_following/prefix_override:/usr/lib/python3/dist-packages/colcon_core/task/python/colcon_distutils_commands:/home/berry/systems_ws/install/line_following/lib/python3.12/site-packages:${PYTHONPATH} /usr/bin/python3 -W ignore:setup.py install is deprecated -W ignore:easy_install command is deprecated setup.py egg_info --egg-base ../../build/line_following build --build-base /home/berry/systems_ws/build/line_following/build install --record /home/berry/systems_ws/build/line_following/install.log --single-version-externally-managed install_data
[1.518s] running egg_info
[1.542s] writing ../../build/line_following/line_following.egg-info/PKG-INFO
[1.543s] writing dependency_links to ../../build/line_following/line_following.egg-info/dependency_links.txt
[1.549s] writing entry points to ../../build/line_following/line_following.egg-info/entry_points.txt
[1.550s] writing requirements to ../../build/line_following/line_following.egg-info/requires.txt
[1.550s] writing top-level names to ../../build/line_following/line_following.egg-info/top_level.txt
[1.603s] reading manifest file '../../build/line_following/line_following.egg-info/SOURCES.txt'
[1.604s] writing manifest file '../../build/line_following/line_following.egg-info/SOURCES.txt'
[1.604s] running build
[1.604s] running build_py
[1.605s] running install
[1.614s] running install_lib
[1.639s] running install_data
[1.640s] creating /home/berry/systems_ws/install/line_following/share/line_following/launch
[1.640s] copying launch/esp32_launch.py -> /home/berry/systems_ws/install/line_following/share/line_following/launch
[1.640s] running install_egg_info
[1.666s] removing '/home/berry/systems_ws/install/line_following/lib/python3.12/site-packages/line_following-0.0.0-py3.12.egg-info' (and everything under it)
[1.666s] Copying ../../build/line_following/line_following.egg-info to /home/berry/systems_ws/install/line_following/lib/python3.12/site-packages/line_following-0.0.0-py3.12.egg-info
[1.668s] running install_scripts
[1.839s] Installing esp32_logger script to /home/berry/systems_ws/install/line_following/lib/line_following
[1.840s] writing list of installed files to '/home/berry/systems_ws/build/line_following/install.log'
[1.926s] Invoked command in '/home/berry/systems_ws/src/line_following' returned '0': DEBUGINFOD_URLS=https://debuginfod.ubuntu.com PYTHONPATH=/home/berry/systems_ws/build/line_following/prefix_override:/usr/lib/python3/dist-packages/colcon_core/task/python/colcon_distutils_commands:/home/berry/systems_ws/install/line_following/lib/python3.12/site-packages:${PYTHONPATH} /usr/bin/python3 -W ignore:setup.py install is deprecated -W ignore:easy_install command is deprecated setup.py egg_info --egg-base ../../build/line_following build --build-base /home/berry/systems_ws/build/line_following/build install --record /home/berry/systems_ws/build/line_following/install.log --single-version-externally-managed install_data
