[2.638s] Invoking command in '/home/berry/systems_ws/src/yolo_color_detector': DEBUGINFOD_URLS=https://debuginfod.ubuntu.com PYTHONPATH=/home/berry/systems_ws/build/yolo_color_detector/prefix_override:/usr/lib/python3/dist-packages/colcon_core/task/python/colcon_distutils_commands:/home/berry/systems_ws/install/yolo_color_detector/lib/python3.12/site-packages:${PYTHONPATH} /usr/bin/python3 -W ignore:setup.py install is deprecated -W ignore:easy_install command is deprecated setup.py egg_info --egg-base ../../build/yolo_color_detector build --build-base /home/berry/systems_ws/build/yolo_color_detector/build install --record /home/berry/systems_ws/build/yolo_color_detector/install.log --single-version-externally-managed install_data
[3.189s] running egg_info
[3.225s] writing ../../build/yolo_color_detector/yolo_color_detector.egg-info/PKG-INFO
[3.227s] writing dependency_links to ../../build/yolo_color_detector/yolo_color_detector.egg-info/dependency_links.txt
[3.234s] writing entry points to ../../build/yolo_color_detector/yolo_color_detector.egg-info/entry_points.txt
[3.235s] writing requirements to ../../build/yolo_color_detector/yolo_color_detector.egg-info/requires.txt
[3.236s] writing top-level names to ../../build/yolo_color_detector/yolo_color_detector.egg-info/top_level.txt
[3.321s] reading manifest file '../../build/yolo_color_detector/yolo_color_detector.egg-info/SOURCES.txt'
[3.325s] writing manifest file '../../build/yolo_color_detector/yolo_color_detector.egg-info/SOURCES.txt'
[3.326s] running build
[3.326s] running build_py
[3.326s] running install
[3.338s] running install_lib
[3.379s] running install_data
[3.380s] running install_egg_info
[3.422s] removing '/home/berry/systems_ws/install/yolo_color_detector/lib/python3.12/site-packages/yolo_color_detector-0.0.0-py3.12.egg-info' (and everything under it)
[3.423s] Copying ../../build/yolo_color_detector/yolo_color_detector.egg-info to /home/berry/systems_ws/install/yolo_color_detector/lib/python3.12/site-packages/yolo_color_detector-0.0.0-py3.12.egg-info
[3.425s] running install_scripts
[3.697s] Installing yolo_detect_ros script to /home/berry/systems_ws/install/yolo_color_detector/lib/yolo_color_detector
[3.698s] writing list of installed files to '/home/berry/systems_ws/build/yolo_color_detector/install.log'
[3.907s] Invoked command in '/home/berry/systems_ws/src/yolo_color_detector' returned '0': DEBUGINFOD_URLS=https://debuginfod.ubuntu.com PYTHONPATH=/home/berry/systems_ws/build/yolo_color_detector/prefix_override:/usr/lib/python3/dist-packages/colcon_core/task/python/colcon_distutils_commands:/home/berry/systems_ws/install/yolo_color_detector/lib/python3.12/site-packages:${PYTHONPATH} /usr/bin/python3 -W ignore:setup.py install is deprecated -W ignore:easy_install command is deprecated setup.py egg_info --egg-base ../../build/yolo_color_detector build --build-base /home/berry/systems_ws/build/yolo_color_detector/build install --record /home/berry/systems_ws/build/yolo_color_detector/install.log --single-version-externally-managed install_data
