[1.234s] Invoking command in '/home/berry/systems_ws/src/yolo_color_detector': DEBUGINFOD_URLS=https://debuginfod.ubuntu.com PYTHONPATH=/home/berry/systems_ws/build/yolo_color_detector/prefix_override:/usr/lib/python3/dist-packages/colcon_core/task/python/colcon_distutils_commands:/home/berry/systems_ws/install/yolo_color_detector/lib/python3.12/site-packages:${PYTHONPATH} /usr/bin/python3 -W ignore:setup.py install is deprecated -W ignore:easy_install command is deprecated setup.py egg_info --egg-base ../../build/yolo_color_detector build --build-base /home/berry/systems_ws/build/yolo_color_detector/build install --record /home/berry/systems_ws/build/yolo_color_detector/install.log --single-version-externally-managed install_data
[1.607s] running egg_info
[1.635s] writing ../../build/yolo_color_detector/yolo_color_detector.egg-info/PKG-INFO
[1.635s] writing dependency_links to ../../build/yolo_color_detector/yolo_color_detector.egg-info/dependency_links.txt
[1.642s] writing entry points to ../../build/yolo_color_detector/yolo_color_detector.egg-info/entry_points.txt
[1.643s] writing requirements to ../../build/yolo_color_detector/yolo_color_detector.egg-info/requires.txt
[1.644s] writing top-level names to ../../build/yolo_color_detector/yolo_color_detector.egg-info/top_level.txt
[1.701s] reading manifest file '../../build/yolo_color_detector/yolo_color_detector.egg-info/SOURCES.txt'
[1.702s] writing manifest file '../../build/yolo_color_detector/yolo_color_detector.egg-info/SOURCES.txt'
[1.702s] running build
[1.702s] running build_py
[1.702s] copying yolo_color_detector/yolo_detect_ros.py -> /home/berry/systems_ws/build/yolo_color_detector/build/lib/yolo_color_detector
[1.703s] running install
[1.713s] running install_lib
[1.740s] copying /home/berry/systems_ws/build/yolo_color_detector/build/lib/yolo_color_detector/yolo_detect_ros.py -> /home/berry/systems_ws/install/yolo_color_detector/lib/python3.12/site-packages/yolo_color_detector
[1.741s] byte-compiling /home/berry/systems_ws/install/yolo_color_detector/lib/python3.12/site-packages/yolo_color_detector/yolo_detect_ros.py to yolo_detect_ros.cpython-312.pyc
[1.743s] running install_data
[1.743s] running install_egg_info
[1.771s] removing '/home/berry/systems_ws/install/yolo_color_detector/lib/python3.12/site-packages/yolo_color_detector-0.0.0-py3.12.egg-info' (and everything under it)
[1.772s] Copying ../../build/yolo_color_detector/yolo_color_detector.egg-info to /home/berry/systems_ws/install/yolo_color_detector/lib/python3.12/site-packages/yolo_color_detector-0.0.0-py3.12.egg-info
[1.773s] running install_scripts
[1.959s] Installing yolo_detect_ros script to /home/berry/systems_ws/install/yolo_color_detector/lib/yolo_color_detector
[1.959s] writing list of installed files to '/home/berry/systems_ws/build/yolo_color_detector/install.log'
[2.048s] Invoked command in '/home/berry/systems_ws/src/yolo_color_detector' returned '0': DEBUGINFOD_URLS=https://debuginfod.ubuntu.com PYTHONPATH=/home/berry/systems_ws/build/yolo_color_detector/prefix_override:/usr/lib/python3/dist-packages/colcon_core/task/python/colcon_distutils_commands:/home/berry/systems_ws/install/yolo_color_detector/lib/python3.12/site-packages:${PYTHONPATH} /usr/bin/python3 -W ignore:setup.py install is deprecated -W ignore:easy_install command is deprecated setup.py egg_info --egg-base ../../build/yolo_color_detector build --build-base /home/berry/systems_ws/build/yolo_color_detector/build install --record /home/berry/systems_ws/build/yolo_color_detector/install.log --single-version-externally-managed install_data
