[1.136s] Invoking command in '/home/berry/systems_ws/src/line_following': DEBUGINFOD_URLS=https://debuginfod.ubuntu.com PYTHONPATH=/home/berry/systems_ws/build/line_following/prefix_override:/usr/lib/python3/dist-packages/colcon_core/task/python/colcon_distutils_commands:/home/berry/systems_ws/install/line_following/lib/python3.12/site-packages:${PYTHONPATH} /usr/bin/python3 -W ignore:setup.py install is deprecated -W ignore:easy_install command is deprecated setup.py egg_info --egg-base ../../build/line_following build --build-base /home/berry/systems_ws/build/line_following/build install --record /home/berry/systems_ws/build/line_following/install.log --single-version-externally-managed install_data
[1.482s] running egg_info
[1.505s] writing ../../build/line_following/line_following.egg-info/PKG-INFO
[1.506s] writing dependency_links to ../../build/line_following/line_following.egg-info/dependency_links.txt
[1.512s] writing entry points to ../../build/line_following/line_following.egg-info/entry_points.txt
[1.513s] writing requirements to ../../build/line_following/line_following.egg-info/requires.txt
[1.514s] writing top-level names to ../../build/line_following/line_following.egg-info/top_level.txt
[1.567s] reading manifest file '../../build/line_following/line_following.egg-info/SOURCES.txt'
[1.568s] writing manifest file '../../build/line_following/line_following.egg-info/SOURCES.txt'
[1.568s] running build
[1.569s] running build_py
[1.569s] running install
[1.578s] running install_lib
[1.603s] running install_data
[1.604s] running install_egg_info
[1.630s] removing '/home/berry/systems_ws/install/line_following/lib/python3.12/site-packages/line_following-0.0.0-py3.12.egg-info' (and everything under it)
[1.630s] Copying ../../build/line_following/line_following.egg-info to /home/berry/systems_ws/install/line_following/lib/python3.12/site-packages/line_following-0.0.0-py3.12.egg-info
[1.631s] running install_scripts
[1.803s] Installing camera script to /home/berry/systems_ws/install/line_following/lib/line_following
[1.804s] Installing esp32_controller script to /home/berry/systems_ws/install/line_following/lib/line_following
[1.810s] writing list of installed files to '/home/berry/systems_ws/build/line_following/install.log'
[1.886s] Invoked command in '/home/berry/systems_ws/src/line_following' returned '0': DEBUGINFOD_URLS=https://debuginfod.ubuntu.com PYTHONPATH=/home/berry/systems_ws/build/line_following/prefix_override:/usr/lib/python3/dist-packages/colcon_core/task/python/colcon_distutils_commands:/home/berry/systems_ws/install/line_following/lib/python3.12/site-packages:${PYTHONPATH} /usr/bin/python3 -W ignore:setup.py install is deprecated -W ignore:easy_install command is deprecated setup.py egg_info --egg-base ../../build/line_following build --build-base /home/berry/systems_ws/build/line_following/build install --record /home/berry/systems_ws/build/line_following/install.log --single-version-externally-managed install_data
