[1.605s] Invoking command in '/home/berry/systems_ws/src/yolo_color_detector': DEBUGINFOD_URLS=https://debuginfod.ubuntu.com PYTHONPATH=/home/berry/systems_ws/build/yolo_color_detector/prefix_override:/usr/lib/python3/dist-packages/colcon_core/task/python/colcon_distutils_commands:/home/berry/systems_ws/install/yolo_color_detector/lib/python3.12/site-packages:${PYTHONPATH} /usr/bin/python3 -W ignore:setup.py install is deprecated -W ignore:easy_install command is deprecated setup.py egg_info --egg-base ../../build/yolo_color_detector build --build-base /home/berry/systems_ws/build/yolo_color_detector/build install --record /home/berry/systems_ws/build/yolo_color_detector/install.log --single-version-externally-managed install_data
[1.993s] running egg_info
[2.020s] writing ../../build/yolo_color_detector/yolo_color_detector.egg-info/PKG-INFO
[2.020s] writing dependency_links to ../../build/yolo_color_detector/yolo_color_detector.egg-info/dependency_links.txt
[2.021s] writing entry points to ../../build/yolo_color_detector/yolo_color_detector.egg-info/entry_points.txt
[2.021s] writing requirements to ../../build/yolo_color_detector/yolo_color_detector.egg-info/requires.txt
[2.021s] writing top-level names to ../../build/yolo_color_detector/yolo_color_detector.egg-info/top_level.txt
[2.075s] reading manifest file '../../build/yolo_color_detector/yolo_color_detector.egg-info/SOURCES.txt'
[2.076s] writing manifest file '../../build/yolo_color_detector/yolo_color_detector.egg-info/SOURCES.txt'
[2.076s] running build
[2.076s] running build_py
[2.076s] copying yolo_color_detector/yolo_detect_ros.py -> /home/berry/systems_ws/build/yolo_color_detector/build/lib/yolo_color_detector
[2.077s] running install
[2.087s] running install_lib
[2.113s] copying /home/berry/systems_ws/build/yolo_color_detector/build/lib/yolo_color_detector/yolo_detect_ros.py -> /home/berry/systems_ws/install/yolo_color_detector/lib/python3.12/site-packages/yolo_color_detector
[2.114s] byte-compiling /home/berry/systems_ws/install/yolo_color_detector/lib/python3.12/site-packages/yolo_color_detector/yolo_detect_ros.py to yolo_detect_ros.cpython-312.pyc
[2.115s] running install_data
[2.116s] running install_egg_info
[2.144s] removing '/home/berry/systems_ws/install/yolo_color_detector/lib/python3.12/site-packages/yolo_color_detector-0.0.0-py3.12.egg-info' (and everything under it)
[2.144s] Copying ../../build/yolo_color_detector/yolo_color_detector.egg-info to /home/berry/systems_ws/install/yolo_color_detector/lib/python3.12/site-packages/yolo_color_detector-0.0.0-py3.12.egg-info
[2.145s] running install_scripts
[2.332s] Installing yolo_detect_ros script to /home/berry/systems_ws/install/yolo_color_detector/lib/yolo_color_detector
[2.333s] writing list of installed files to '/home/berry/systems_ws/build/yolo_color_detector/install.log'
[2.474s] Invoked command in '/home/berry/systems_ws/src/yolo_color_detector' returned '0': DEBUGINFOD_URLS=https://debuginfod.ubuntu.com PYTHONPATH=/home/berry/systems_ws/build/yolo_color_detector/prefix_override:/usr/lib/python3/dist-packages/colcon_core/task/python/colcon_distutils_commands:/home/berry/systems_ws/install/yolo_color_detector/lib/python3.12/site-packages:${PYTHONPATH} /usr/bin/python3 -W ignore:setup.py install is deprecated -W ignore:easy_install command is deprecated setup.py egg_info --egg-base ../../build/yolo_color_detector build --build-base /home/berry/systems_ws/build/yolo_color_detector/build install --record /home/berry/systems_ws/build/yolo_color_detector/install.log --single-version-externally-managed install_data
